Using pre-set license
Built from '2021.3/staging' branch; Version is '2021.3.18f1 (3129e69bc0c7) revision 3221990'; Using compiler version '192829333'; Build Type 'Release'
OS: 'Windows 10  (10.0.19045) 64bit Professional' Language: 'en' Physical Memory: 15732 MB
BatchMode: 1, IsHumanControllingUs: 0, StartBugReporterOnCrash: 0, Is64bit: 1, IsPro: 1

COMMAND LINE ARGUMENTS:
C:\Program Files\Unity\Hub\Editor\2021.3.18f1\Editor\Unity.exe
-adb2
-batchMode
-noUpm
-name
AssetImportWorker0
-projectPath
C:/Users/HsuanChao/OneDrive - TLN Training/Desktop/LightingBasics
-logFile
Logs/AssetImportWorker0.log
-srvPort
53087
Successfully changed project path to: C:/Users/HsuanChao/OneDrive - TLN Training/Desktop/LightingBasics
C:/Users/HsuanChao/OneDrive - TLN Training/Desktop/LightingBasics
[UnityMemory] Configuration Parameters - Can be set up in boot.config
    "memorysetup-bucket-allocator-granularity=16"
    "memorysetup-bucket-allocator-bucket-count=8"
    "memorysetup-bucket-allocator-block-size=33554432"
    "memorysetup-bucket-allocator-block-count=8"
    "memorysetup-main-allocator-block-size=16777216"
    "memorysetup-thread-allocator-block-size=16777216"
    "memorysetup-gfx-main-allocator-block-size=16777216"
    "memorysetup-gfx-thread-allocator-block-size=16777216"
    "memorysetup-cache-allocator-block-size=4194304"
    "memorysetup-typetree-allocator-block-size=2097152"
    "memorysetup-profiler-bucket-allocator-granularity=16"
    "memorysetup-profiler-bucket-allocator-bucket-count=8"
    "memorysetup-profiler-bucket-allocator-block-size=33554432"
    "memorysetup-profiler-bucket-allocator-block-count=8"
    "memorysetup-profiler-allocator-block-size=16777216"
    "memorysetup-profiler-editor-allocator-block-size=1048576"
    "memorysetup-temp-allocator-size-main=16777216"
    "memorysetup-job-temp-allocator-block-size=2097152"
    "memorysetup-job-temp-allocator-block-size-background=1048576"
    "memorysetup-job-temp-allocator-reduction-small-platforms=262144"
    "memorysetup-temp-allocator-size-background-worker=32768"
    "memorysetup-temp-allocator-size-job-worker=262144"
    "memorysetup-temp-allocator-size-preload-manager=33554432"
    "memorysetup-temp-allocator-size-nav-mesh-worker=65536"
    "memorysetup-temp-allocator-size-audio-worker=65536"
    "memorysetup-temp-allocator-size-cloud-worker=32768"
    "memorysetup-temp-allocator-size-gi-baking-worker=262144"
    "memorysetup-temp-allocator-size-gfx=262144"
Player connection [27344] Host "[IP] 192.168.98.123 [Port] 0 [Flags] 2 [Guid] 132485846 [EditorId] 132485846 [Version] 1048832 [Id] WindowsEditor(7,TLNT-LAP-58) [Debug] 1 [PackageName] WindowsEditor [ProjectName] Editor" joined multi-casting on [225.0.0.222:54997]...

Player connection [27344] Host "[IP] 192.168.98.123 [Port] 0 [Flags] 2 [Guid] 132485846 [EditorId] 132485846 [Version] 1048832 [Id] WindowsEditor(7,TLNT-LAP-58) [Debug] 1 [PackageName] WindowsEditor [ProjectName] Editor" joined alternative multi-casting on [225.0.0.222:34997]...

Refreshing native plugins compatible for Editor in 22.15 ms, found 0 plugins.
Preloading 0 native plugins for Editor in 0.00 ms.
Initialize engine version: 2021.3.18f1 (3129e69bc0c7)
[Subsystems] Discovering subsystems at path C:/Program Files/Unity/Hub/Editor/2021.3.18f1/Editor/Data/Resources/UnitySubsystems
[Subsystems] Discovering subsystems at path C:/Users/HsuanChao/OneDrive - TLN Training/Desktop/LightingBasics/Assets
GfxDevice: creating device client; threaded=0; jobified=0
Direct3D:
    Version:  Direct3D 11.0 [level 11.1]
    Renderer: NVIDIA GeForce RTX 3060 Laptop GPU (ID=0x2520)
    Vendor:   NVIDIA
    VRAM:     6023 MB
    Driver:   30.0.14.7247
Initialize mono
Mono path[0] = 'C:/Program Files/Unity/Hub/Editor/2021.3.18f1/Editor/Data/Managed'
Mono path[1] = 'C:/Program Files/Unity/Hub/Editor/2021.3.18f1/Editor/Data/MonoBleedingEdge/lib/mono/unityjit-win32'
Mono config path = 'C:/Program Files/Unity/Hub/Editor/2021.3.18f1/Editor/Data/MonoBleedingEdge/etc'
Using monoOptions --debugger-agent=transport=dt_socket,embedding=1,server=y,suspend=n,address=127.0.0.1:56940
Begin MonoManager ReloadAssembly
Registering precompiled unity dll's ...
Register platform support module: C:/Program Files/Unity/Hub/Editor/2021.3.18f1/Editor/Data/PlaybackEngines/AndroidPlayer/UnityEditor.Android.Extensions.dll
Register platform support module: C:/Program Files/Unity/Hub/Editor/2021.3.18f1/Editor/Data/PlaybackEngines/WindowsStandaloneSupport/UnityEditor.WindowsStandalone.Extensions.dll
Registered in 0.008536 seconds.
Native extension for WindowsStandalone target not found
Native extension for Android target not found
Android Extension - Scanning For ADB Devices 554 ms
Refreshing native plugins compatible for Editor in 22.89 ms, found 0 plugins.
Preloading 0 native plugins for Editor in 0.00 ms.
Mono: successfully reloaded assembly
- Completed reload, in  1.115 seconds
Domain Reload Profiling:
	ReloadAssembly (1116ms)
		BeginReloadAssembly (68ms)
			ExecutionOrderSort (0ms)
			DisableScriptedObjects (0ms)
			BackupInstance (0ms)
			ReleaseScriptingObjects (0ms)
			CreateAndSetChildDomain (1ms)
		EndReloadAssembly (941ms)
			LoadAssemblies (66ms)
			RebuildTransferFunctionScriptingTraits (0ms)
			SetupTypeCache (96ms)
			ReleaseScriptCaches (0ms)
			RebuildScriptCaches (21ms)
			SetupLoadedEditorAssemblies (775ms)
				LogAssemblyErrors (0ms)
				InitializePlatformSupportModulesInManaged (630ms)
				SetLoadedEditorAssemblies (0ms)
				RefreshPlugins (23ms)
				BeforeProcessingInitializeOnLoad (1ms)
				ProcessInitializeOnLoadAttributes (80ms)
				ProcessInitializeOnLoadMethodAttributes (41ms)
				AfterProcessingInitializeOnLoad (0ms)
				EditorAssembliesLoaded (0ms)
			ExecutionOrderSort2 (0ms)
			AwakeInstancesAfterBackupRestoration (0ms)
Platform modules already initialized, skipping
Registering precompiled user dll's ...
Registered in 0.000558 seconds.
Begin MonoManager ReloadAssembly
Native extension for WindowsStandalone target not found
Native extension for Android target not found
Refreshing native plugins compatible for Editor in 0.23 ms, found 0 plugins.
Preloading 0 native plugins for Editor in 0.00 ms.
Mono: successfully reloaded assembly
- Completed reload, in  0.614 seconds
Domain Reload Profiling:
	ReloadAssembly (614ms)
		BeginReloadAssembly (99ms)
			ExecutionOrderSort (0ms)
			DisableScriptedObjects (5ms)
			BackupInstance (0ms)
			ReleaseScriptingObjects (0ms)
			CreateAndSetChildDomain (20ms)
		EndReloadAssembly (415ms)
			LoadAssemblies (55ms)
			RebuildTransferFunctionScriptingTraits (0ms)
			SetupTypeCache (104ms)
			ReleaseScriptCaches (0ms)
			RebuildScriptCaches (28ms)
			SetupLoadedEditorAssemblies (176ms)
				LogAssemblyErrors (0ms)
				InitializePlatformSupportModulesInManaged (18ms)
				SetLoadedEditorAssemblies (0ms)
				RefreshPlugins (0ms)
				BeforeProcessingInitializeOnLoad (37ms)
				ProcessInitializeOnLoadAttributes (95ms)
				ProcessInitializeOnLoadMethodAttributes (17ms)
				AfterProcessingInitializeOnLoad (9ms)
				EditorAssembliesLoaded (0ms)
			ExecutionOrderSort2 (0ms)
			AwakeInstancesAfterBackupRestoration (7ms)
Platform modules already initialized, skipping
========================================================================
Worker process is ready to serve import requests
Launched and connected shader compiler UnityShaderCompiler.exe after 0.08 seconds
Refreshing native plugins compatible for Editor in 0.58 ms, found 0 plugins.
Preloading 0 native plugins for Editor in 0.00 ms.
Unloading 811 Unused Serialized files (Serialized files now loaded: 0)
Unloading 24 unused Assets / (1.9 MB). Loaded Objects now: 1278.
Memory consumption went from 57.5 MB to 55.6 MB.
Total: 6.314900 ms (FindLiveObjects: 0.234500 ms CreateObjectMapping: 0.041600 ms MarkObjects: 4.841000 ms  DeleteObjects: 1.195200 ms)

AssetImportParameters requested are different than current active one (requested -> active):
  custom:video-decoder-ogg-theora: a1e56fd34408186e4bbccfd4996cb3dc -> 
  custom:container-muxer-webm: aa71ff27fc2769a1b78a27578f13a17b -> 
  custom:container-demuxer-webm: 4f35f7cbe854078d1ac9338744f61a02 -> 
  custom:video-encoder-webm-vp8: eb34c28f22e8b96e1ab97ce403110664 -> 
  custom:audio-encoder-webm-vorbis: bf7c407c2cedff20999df2af8eb42d56 -> 
  custom:framework-win-MediaFoundation: 216162199b28c13a410421893ffa2e32 -> 
  custom:container-demuxer-ogg: 62fdf1f143b41e24485cea50d1cbac27 -> 
  custom:video-decoder-webm-vp8: 9c59270c3fd7afecdb556c50c9e8de78 -> 
  custom:audio-decoder-ogg-vorbis: bf7c407c2cedff20999df2af8eb42d56 -> 
========================================================================
Received Import Request.
  Time since last request: 8699.858278 seconds.
  path: Assets/Profiles/New Post-processing Profile.asset
  artifactKey: Guid(31d6f3b85909a964bac2d431d890ee3f) Importer(815301076,1909f56bfc062723c751e8b465ee728b)
Start importing Assets/Profiles/New Post-processing Profile.asset using Guid(31d6f3b85909a964bac2d431d890ee3f) Importer(815301076,1909f56bfc062723c751e8b465ee728b)  -> (artifact id: '33c4bf5ede7f60873c356d0a45fc4fcd') in 0.040677 seconds 
========================================================================
Received Import Request.
  Time since last request: 59.930159 seconds.
  path: Assets/Profiles/New Post-processing Profile.asset
  artifactKey: Guid(31d6f3b85909a964bac2d431d890ee3f) Importer(815301076,1909f56bfc062723c751e8b465ee728b)
Start importing Assets/Profiles/New Post-processing Profile.asset using Guid(31d6f3b85909a964bac2d431d890ee3f) Importer(815301076,1909f56bfc062723c751e8b465ee728b)  -> (artifact id: '99a95ea62b54fd87226b0b9cf053c98e') in 0.009654 seconds 
========================================================================
Received Import Request.
  Time since last request: 15.918892 seconds.
  path: Assets/Profiles/New Post-processing Profile.asset
  artifactKey: Guid(31d6f3b85909a964bac2d431d890ee3f) Importer(815301076,1909f56bfc062723c751e8b465ee728b)
Start importing Assets/Profiles/New Post-processing Profile.asset using Guid(31d6f3b85909a964bac2d431d890ee3f) Importer(815301076,1909f56bfc062723c751e8b465ee728b)  -> (artifact id: '56c3771f35bd388ec292f4148c9967fb') in 0.003460 seconds 
========================================================================
Received Import Request.
  Time since last request: 29.378620 seconds.
  path: Assets/Scenes/Start/SciFiCorridor
  artifactKey: Guid(851f36fe95d1d4c3d894c298b23d3296) Importer(815301076,1909f56bfc062723c751e8b465ee728b)
Start importing Assets/Scenes/Start/SciFiCorridor using Guid(851f36fe95d1d4c3d894c298b23d3296) Importer(815301076,1909f56bfc062723c751e8b465ee728b)  -> (artifact id: '650262c6665658f0376fcca9ffa901ac') in 0.002026 seconds 
========================================================================
Received Import Request.
  Time since last request: 6.279858 seconds.
  path: Assets/Scenes/Start/SciFiCorridor/EmissiveMaterialsStart
  artifactKey: Guid(fd57fd08b7faa4833ac6450e50c0faee) Importer(815301076,1909f56bfc062723c751e8b465ee728b)
Start importing Assets/Scenes/Start/SciFiCorridor/EmissiveMaterialsStart using Guid(fd57fd08b7faa4833ac6450e50c0faee) Importer(815301076,1909f56bfc062723c751e8b465ee728b)  -> (artifact id: 'eaf93e59d1f860cfb56c2dd08d50a755') in 0.001625 seconds 
========================================================================
Received Import Request.
  Time since last request: 0.049967 seconds.
  path: Assets/Scenes/Start/SciFiCorridor/EmissiveMaterialsStart/LightingData.asset
  artifactKey: Guid(2400f54fdd51c4c498b42a6e865c8e67) Importer(815301076,1909f56bfc062723c751e8b465ee728b)
Start importing Assets/Scenes/Start/SciFiCorridor/EmissiveMaterialsStart/LightingData.asset using Guid(2400f54fdd51c4c498b42a6e865c8e67) Importer(815301076,1909f56bfc062723c751e8b465ee728b)  -> (artifact id: 'bae0dac736be76789c6bb8627a6c2604') in 0.003229 seconds 
========================================================================
Received Import Request.
  Time since last request: 0.000020 seconds.
  path: Assets/Scenes/Start/SciFiCorridor/EmissiveMaterialsStart/Lightmap-0_comp_light.exr
  artifactKey: Guid(9bd7a0bd23414403a849a2b4d7cba030) Importer(815301076,1909f56bfc062723c751e8b465ee728b)
Start importing Assets/Scenes/Start/SciFiCorridor/EmissiveMaterialsStart/Lightmap-0_comp_light.exr using Guid(9bd7a0bd23414403a849a2b4d7cba030) Importer(815301076,1909f56bfc062723c751e8b465ee728b)  -> (artifact id: '007a568110aec41ad7fd5c8cec10d8c7') in 0.069535 seconds 
========================================================================
Received Import Request.
  Time since last request: 0.000015 seconds.
  path: Assets/Scenes/Start/SciFiCorridor/EmissiveMaterialsStart/ReflectionProbe-0.exr
  artifactKey: Guid(4b6d8ebf31de24016a4b72b90ac15d3d) Importer(815301076,1909f56bfc062723c751e8b465ee728b)
Start importing Assets/Scenes/Start/SciFiCorridor/EmissiveMaterialsStart/ReflectionProbe-0.exr using Guid(4b6d8ebf31de24016a4b72b90ac15d3d) Importer(815301076,1909f56bfc062723c751e8b465ee728b)  -> (artifact id: '9a89fa41f3c8ce0bd440ff5a1170775a') in 0.042692 seconds 
